2025-03-22T16:11:53.648+0200	debug	Before test: HeapAlloc = 787 KB, RSS = 19184 KB
2025-03-22T16:11:53.648+0200	debug	Initializing node0
2025-03-22T16:11:53.649+0200	debug	Creating node0
2025-03-22T16:11:53.649+0200	debug	Creating new WakuNode: node0
2025-03-22T16:12:02.759+0200	debug	Successfully created WakuNode: node0
2025-03-22T16:12:02.760+0200	debug	Starting node0
2025-03-22T16:12:02.760+0200	debug	Starting node0
2025-03-22T16:12:02.771+0200	debug	Successfully started node0
2025-03-22T16:12:02.771+0200	debug	Successfully started node0
2025-03-22T16:12:02.771+0200	debug	Initializing node1
2025-03-22T16:12:02.771+0200	debug	Creating node1
2025-03-22T16:12:02.771+0200	debug	Creating new WakuNode: node1
2025-03-22T16:12:02.795+0200	debug	Successfully created WakuNode: node1
2025-03-22T16:12:02.795+0200	debug	Starting node1
2025-03-22T16:12:02.795+0200	debug	Starting node1
2025-03-22T16:12:02.803+0200	debug	Successfully started node1
2025-03-22T16:12:02.803+0200	debug	Successfully started node1
2025-03-22T16:12:02.803+0200	debug	Connecting node0 to node1
2025-03-22T16:12:02.804+0200	debug	Attempting connection to peer 16Uiu2HAmN1NqAzicChHumLDsHXXER4323sJRqgUNpHPBMYWEHMWD
2025-03-22T16:12:07.819+0200	debug	Successfully connected node0 to node1
2025-03-22T16:12:08.820+0200	debug	Fetching number of connected peers for node0
2025-03-22T16:12:08.821+0200	debug	Fetching connected peers for node0
2025-03-22T16:12:08.822+0200	debug	Successfully fetched connected peers for node0, count: 1
2025-03-22T16:12:08.822+0200	debug	Successfully fetched number of connected peers for node0, count: 1
2025-03-22T16:12:08.822+0200	debug	Iteration 1: node0 sees 1 connected peers
2025-03-22T16:12:08.822+0200	debug	Creating a WakuMessage on node node0
2025-03-22T16:12:08.822+0200	debug	Using default message format on node node0
2025-03-22T16:12:08.822+0200	debug	Successfully created a default WakuMessage on node node0
2025-03-22T16:12:08.822+0200	debug	Attempting to publish message via relay on node node0
2025-03-22T16:12:08.830+0200	debug	Successfully published message via relay on node node0, messageHash: 0xf2ed86e5ee6429bc046fa197e66f448507b08dfea50956623ef993386383d199
2025-03-22T16:12:08.830+0200	debug	Iteration 1: node0 published message with hash 0xf2ed86e5ee6429bc046fa197e66f448507b08dfea50956623ef993386383d199
2025-03-22T16:12:08.830+0200	debug	Disconnecting node0 from node1
2025-03-22T16:12:08.841+0200	debug	Successfully disconnected node0 from node1
2025-03-22T16:12:08.841+0200	debug	Iteration 1: node0 disconnected from node1
2025-03-22T16:12:10.841+0200	debug	Connecting node0 to node1
2025-03-22T16:12:10.843+0200	debug	Attempting connection to peer 16Uiu2HAmN1NqAzicChHumLDsHXXER4323sJRqgUNpHPBMYWEHMWD
2025-03-22T16:12:15.847+0200	debug	Successfully connected node0 to node1
2025-03-22T16:12:16.847+0200	debug	Fetching number of connected peers for node0
2025-03-22T16:12:16.848+0200	debug	Fetching connected peers for node0
2025-03-22T16:12:16.849+0200	debug	Successfully fetched connected peers for node0, count: 1
2025-03-22T16:12:16.849+0200	debug	Successfully fetched number of connected peers for node0, count: 1
2025-03-22T16:12:16.849+0200	debug	Iteration 2: node0 sees 1 connected peers
2025-03-22T16:12:16.849+0200	debug	Creating a WakuMessage on node node0
2025-03-22T16:12:16.849+0200	debug	Using default message format on node node0
2025-03-22T16:12:16.849+0200	debug	Successfully created a default WakuMessage on node node0
2025-03-22T16:12:16.849+0200	debug	Attempting to publish message via relay on node node0
2025-03-22T16:12:16.854+0200	debug	Successfully published message via relay on node node0, messageHash: 0x9c588679f0149e46b7d9266cc464674292153d4d9430d1dabd780e0de0ddcd86
2025-03-22T16:12:16.854+0200	debug	Iteration 2: node0 published message with hash 0x9c588679f0149e46b7d9266cc464674292153d4d9430d1dabd780e0de0ddcd86
2025-03-22T16:12:16.854+0200	debug	Disconnecting node0 from node1
2025-03-22T16:12:16.863+0200	debug	Successfully disconnected node0 from node1
2025-03-22T16:12:16.864+0200	debug	Iteration 2: node0 disconnected from node1
2025-03-22T16:12:18.864+0200	debug	Connecting node0 to node1
2025-03-22T16:12:18.866+0200	debug	Attempting connection to peer 16Uiu2HAmN1NqAzicChHumLDsHXXER4323sJRqgUNpHPBMYWEHMWD
2025-03-22T16:12:23.869+0200	debug	Successfully connected node0 to node1
2025-03-22T16:12:24.869+0200	debug	Fetching number of connected peers for node0
2025-03-22T16:12:24.870+0200	debug	Fetching connected peers for node0
2025-03-22T16:12:24.871+0200	debug	Successfully fetched connected peers for node0, count: 2
2025-03-22T16:12:24.871+0200	debug	Successfully fetched number of connected peers for node0, count: 2
2025-03-22T16:12:24.871+0200	debug	Iteration 3: node0 sees 2 connected peers
2025-03-22T16:12:24.871+0200	debug	Disconnecting node0 from node1
2025-03-22T16:12:24.881+0200	debug	Successfully disconnected node0 from node1
2025-03-22T16:12:24.881+0200	debug	Iteration 3: node0 disconnected from node1
2025-03-22T16:12:26.882+0200	debug	Connecting node0 to node1
2025-03-22T16:12:26.884+0200	debug	Attempting connection to peer 16Uiu2HAmN1NqAzicChHumLDsHXXER4323sJRqgUNpHPBMYWEHMWD
2025-03-22T16:12:31.889+0200	debug	Successfully connected node0 to node1
2025-03-22T16:12:32.889+0200	debug	Fetching number of connected peers for node0
2025-03-22T16:12:32.890+0200	debug	Fetching connected peers for node0
2025-03-22T16:12:32.890+0200	debug	Successfully fetched connected peers for node0, count: 2
2025-03-22T16:12:32.891+0200	debug	Successfully fetched number of connected peers for node0, count: 2
2025-03-22T16:12:32.891+0200	debug	Iteration 4: node0 sees 2 connected peers
2025-03-22T16:12:32.891+0200	debug	Disconnecting node0 from node1
2025-03-22T16:12:32.903+0200	debug	Successfully disconnected node0 from node1
2025-03-22T16:12:32.903+0200	debug	Iteration 4: node0 disconnected from node1
2025-03-22T16:12:34.903+0200	debug	Connecting node0 to node1
2025-03-22T16:12:34.905+0200	debug	Attempting connection to peer 16Uiu2HAmN1NqAzicChHumLDsHXXER4323sJRqgUNpHPBMYWEHMWD
